[INFO] Scanning for projects...
[INFO] 
[INFO] -----------< com.agriculture:intelligent-agriculture-server >-----------
[INFO] Building Intelligent Agriculture Server 1.0.0
[INFO]   from pom.xml
[INFO] --------------------------------[ jar ]---------------------------------
[INFO] 
[INFO] >>> spring-boot:3.2.3:run (default-cli) > test-compile @ intelligent-agriculture-server >>>
[INFO] 
[INFO] --- resources:3.3.1:resources (default-resources) @ intelligent-agriculture-server ---
[INFO] Copying 1 resource from src\main\resources to target\classes
[INFO] Copying 1 resource from src\main\resources to target\classes
[INFO] 
[INFO] --- compiler:3.11.0:compile (default-compile) @ intelligent-agriculture-server ---
[INFO] Nothing to compile - all classes are up to date
[INFO] 
[INFO] --- resources:3.3.1:testResources (default-testResources) @ intelligent-agriculture-server ---
[INFO] skip non existing resourceDirectory D:\develop\Contest\IntelligentAgriculture\IA-server\src\test\resources
[INFO] 
[INFO] --- compiler:3.11.0:testCompile (default-testCompile) @ intelligent-agriculture-server ---
[INFO] Nothing to compile - all classes are up to date
[INFO] 
[INFO] <<< spring-boot:3.2.3:run (default-cli) < test-compile @ intelligent-agriculture-server <<<
[INFO] 
[INFO] 
[INFO] --- spring-boot:3.2.3:run (default-cli) @ intelligent-agriculture-server ---
[INFO] Attaching agents: []

  .   ____          _            __ _ _
 /\\ / ___'_ __ _ _(_)_ __  __ _ \ \ \ \
( ( )\___ | '_ | '_| | '_ \/ _` | \ \ \ \
 \\/  ___)| |_)| | | | | || (_| |  ) ) ) )
  '  |____| .__|_| |_|_| |_\__, | / / / /
 =========|_|==============|___/=/_/_/_/
 :: Spring Boot ::                (v3.2.3)

2026-03-07T14:38:49.281+08:00  INFO 38884 --- [intelligent-agriculture-server] [           main] com.agriculture.AgricultureApplication   : Starting AgricultureApplication using Java 17.0.2 with PID 38884 (D:\develop\Contest\IntelligentAgriculture\IA-server\target\classes started by 30989 in D:\develop\Contest\IntelligentAgriculture\IA-server)
2026-03-07T14:38:49.283+08:00 DEBUG 38884 --- [intelligent-agriculture-server] [           main] com.agriculture.AgricultureApplication   : Running with Spring Boot v3.2.3, Spring v6.1.4
2026-03-07T14:38:49.285+08:00  INFO 38884 --- [intelligent-agriculture-server] [           main] com.agriculture.AgricultureApplication   : No active profile set, falling back to 1 default profile: "default"
2026-03-07T14:38:49.740+08:00  WARN 38884 --- [intelligent-agriculture-server] [           main] o.m.s.mapper.ClassPathMapperScanner      : Skipping MapperFactoryBean with name 'alarmMapper' and 'com.agriculture.mapper.AlarmMapper' mapperInterface. Bean already defined with the same name!
2026-03-07T14:38:49.741+08:00  WARN 38884 --- [intelligent-agriculture-server] [           main] o.m.s.mapper.ClassPathMapperScanner      : Skipping MapperFactoryBean with name 'deviceMapper' and 'com.agriculture.mapper.DeviceMapper' mapperInterface. Bean already defined with the same name!
2026-03-07T14:38:49.741+08:00  WARN 38884 --- [intelligent-agriculture-server] [           main] o.m.s.mapper.ClassPathMapperScanner      : Skipping MapperFactoryBean with name 'irrigationLogMapper' and 'com.agriculture.mapper.IrrigationLogMapper' mapperInterface. Bean already defined with the same name!
2026-03-07T14:38:49.741+08:00  WARN 38884 --- [intelligent-agriculture-server] [           main] o.m.s.mapper.ClassPathMapperScanner      : Skipping MapperFactoryBean with name 'monitorPointMapper' and 'com.agriculture.mapper.MonitorPointMapper' mapperInterface. Bean already defined with the same name!
2026-03-07T14:38:49.741+08:00  WARN 38884 --- [intelligent-agriculture-server] [           main] o.m.s.mapper.ClassPathMapperScanner      : Skipping MapperFactoryBean with name 'sensorDataMapper' and 'com.agriculture.mapper.SensorDataMapper' mapperInterface. Bean already defined with the same name!
2026-03-07T14:38:49.741+08:00  WARN 38884 --- [intelligent-agriculture-server] [           main] o.m.s.mapper.ClassPathMapperScanner      : No MyBatis mapper was found in '[com.agriculture.mapper]' package. Please check your configuration.
2026-03-07T14:38:50.021+08:00  INFO 38884 --- [intelligent-agriculture-server] [           main] o.s.b.w.embedded.tomcat.TomcatWebServer  : Tomcat initialized with port 8123 (http)
2026-03-07T14:38:50.028+08:00  INFO 38884 --- [intelligent-agriculture-server] [           main] o.apache.catalina.core.StandardService   : Starting service [Tomcat]
2026-03-07T14:38:50.028+08:00  INFO 38884 --- [intelligent-agriculture-server] [           main] o.apache.catalina.core.StandardEngine    : Starting Servlet engine: [Apache Tomcat/10.1.19]
2026-03-07T14:38:50.061+08:00  INFO 38884 --- [intelligent-agriculture-server] [           main] o.a.c.c.C.[Tomcat].[localhost].[/api]    : Initializing Spring embedded WebApplicationContext
2026-03-07T14:38:50.063+08:00  INFO 38884 --- [intelligent-agriculture-server] [           main] w.s.c.ServletWebServerApplicationContext : Root WebApplicationContext: initialization completed in 746 ms
Logging initialized using 'class org.apache.ibatis.logging.stdout.StdOutImpl' adapter.
Get /172.17.144.1 network interface 
Get network interface info: name:eth24 (Hyper-V Virtual Ethernet Adapter)
Initialization Sequence datacenterId:20 workerId:17
 _ _   |_  _ _|_. ___ _ |    _ 
| | |\/|_)(_| | |_\  |_)||_|_\ 
     /               |         
                        3.5.9 
2026-03-07T14:38:50.561+08:00  INFO 38884 --- [intelligent-agriculture-server] [           main] o.s.b.a.w.s.WelcomePageHandlerMapping    : Adding welcome page: class path resource [static/index.html]
2026-03-07T14:38:50.777+08:00  INFO 38884 --- [intelligent-agriculture-server] [           main] o.s.b.w.embedded.tomcat.TomcatWebServer  : Tomcat started on port 8123 (http) with context path '/api'
2026-03-07T14:38:50.785+08:00  INFO 38884 --- [intelligent-agriculture-server] [           main] com.agriculture.AgricultureApplication   : Started AgricultureApplication in 1.751 seconds (process running for 1.949)
2026-03-07T14:38:50.786+08:00  INFO 38884 --- [intelligent-agriculture-server] [           main] com.agriculture.config.DataInitializer   : żŞĘĽłőĘĽ»Ż˛âĘÔĘýľÝ...
Creating a new SqlSession
SqlSession [org.apache.ibatis.session.defaults.DefaultSqlSession@781c2497] was not registered for synchronization because synchronization is not active
2026-03-07T14:38:50.821+08:00  INFO 38884 --- [intelligent-agriculture-server] [           main] com.zaxxer.hikari.HikariDataSource       : AgricultureHikariCP - Starting...
2026-03-07T14:38:50.907+08:00  INFO 38884 --- [intelligent-agriculture-server] [           main] com.zaxxer.hikari.pool.HikariPool        : AgricultureHikariCP - Added connection com.mysql.cj.jdbc.ConnectionImpl@10b87ff6
2026-03-07T14:38:50.908+08:00  INFO 38884 --- [intelligent-agriculture-server] [           main] com.zaxxer.hikari.HikariDataSource       : AgricultureHikariCP - Start completed.
JDBC Connection [HikariProxyConnection@40133542 wrapping com.mysql.cj.jdbc.ConnectionImpl@10b87ff6] will not be managed by Spring
==>  Preparing: SELECT id,point_id,point_name,location,crop_type,status,created_at,updated_at FROM monitor_point
==> Parameters: 
<==    Columns: id, point_id, point_name, location, crop_type, status, created_at, updated_at
<==        Row: 1, POINT_001, 1şĹ´óĹď, ¶«Çř, ·¬ÇŃ, 1, 2026-03-07 11:40:50, 2026-03-07 11:40:50
<==      Total: 1
Closing non transactional SqlSession [org.apache.ibatis.session.defaults.DefaultSqlSession@781c2497]
Creating a new SqlSession
SqlSession [org.apache.ibatis.session.defaults.DefaultSqlSession@350f18a6] was not registered for synchronization because synchronization is not active
JDBC Connection [HikariProxyConnection@343670954 wrapping com.mysql.cj.jdbc.ConnectionImpl@10b87ff6] will not be managed by Spring
==>  Preparing: SELECT id,point_id,device_id,device_name,device_type,status,created_at,updated_at FROM device
==> Parameters: 
<==    Columns: id, point_id, device_id, device_name, device_type, status, created_at, updated_at
<==        Row: 1, 1, pump_001, Ë®±Ă1şĹ, pump, 1, 2026-03-07 11:40:50, 2026-03-07 11:40:50
<==        Row: 2, 1, valve_001, Ë®·§1şĹ, valve, 0, 2026-03-07 11:40:50, 2026-03-07 11:40:50
<==        Row: 3, 1, led_001, LED˛ąąâµĆ1şĹ, led, 0, 2026-03-07 11:40:50, 2026-03-07 11:40:50
<==        Row: 4, 1, fan_001, Í¨·ç·çÉČ1şĹ, fan, 0, 2026-03-07 11:40:50, 2026-03-07 11:40:50
<==      Total: 4
Closing non transactional SqlSession [org.apache.ibatis.session.defaults.DefaultSqlSession@350f18a6]
2026-03-07T14:38:50.953+08:00  INFO 38884 --- [intelligent-agriculture-server] [           main] com.agriculture.config.DataInitializer   : ˛âĘÔĘýľÝłőĘĽ»ŻÍęłÉ
2026-03-07T14:39:45.778+08:00  INFO 38884 --- [intelligent-agriculture-server] [nio-8123-exec-2] o.a.c.c.C.[Tomcat].[localhost].[/api]    : Initializing Spring DispatcherServlet 'dispatcherServlet'
2026-03-07T14:39:45.778+08:00  INFO 38884 --- [intelligent-agriculture-server] [nio-8123-exec-2] o.s.web.servlet.DispatcherServlet        : Initializing Servlet 'dispatcherServlet'
2026-03-07T14:39:45.781+08:00  INFO 38884 --- [intelligent-agriculture-server] [nio-8123-exec-2] o.s.web.servlet.DispatcherServlet        : Completed initialization in 2 ms
